<?xml version="1.0" encoding="UTF-8"?>
<!-- Generated by org.testng.reporters.JUnitReportReporter -->
<testsuite skipped="0" hostname="CognitsBryanPaz" name="FrenzyDashboard.Home_ContactForm" tests="4" failures="0" timestamp="04 oct 2017 17:33:57 GMT" time="44.581" errors="0">
  <testcase name="AbrirNavegador" time="2.570" classname="FrenzyDashboard.Home_ContactForm"/>
  <testcase name="VerMas" time="31.759" classname="FrenzyDashboard.Home_ContactForm"/>
  <testcase name="Video" time="2.953" classname="FrenzyDashboard.Home_ContactForm"/>
  <testcase name="ContactForm" time="7.299" classname="FrenzyDashboard.Home_ContactForm"/>
</testsuite> <!-- FrenzyDashboard.Home_ContactForm -->
