<?xml version="1.0" encoding="UTF-8"?>
<!-- Generated by org.testng.reporters.JUnitReportReporter -->
<testsuite skipped="0" hostname="Cognits-1" name="Package_1.Test_Frenzy_Dashboard" tests="15" failures="0" timestamp="28 sep 2017 15:50:57 GMT" time="71.853" errors="0">
  <testcase name="SeccionSistemadeGibits" time="1.431" classname="Package_1.Test_Frenzy_Dashboard"/>
  <testcase name="BotonComprar" time="3.379" classname="Package_1.Test_Frenzy_Dashboard"/>
  <testcase name="AbrirNavegador" time="8.090" classname="Package_1.Test_Frenzy_Dashboard"/>
  <testcase name="ButtonsRegistrate" time="3.542" classname="Package_1.Test_Frenzy_Dashboard"/>
  <testcase name="SeccionCuponesyPromociones" time="2.590" classname="Package_1.Test_Frenzy_Dashboard"/>
  <testcase name="Registrate" time="2.202" classname="Package_1.Test_Frenzy_Dashboard"/>
  <testcase name="CalculaTuCosto" time="1.163" classname="Package_1.Test_Frenzy_Dashboard"/>
  <testcase name="SistemadeGibitsVideo" time="2.616" classname="Package_1.Test_Frenzy_Dashboard"/>
  <testcase name="SeccionSistemaDeBits" time="2.251" classname="Package_1.Test_Frenzy_Dashboard"/>
  <testcase name="Formulario" time="11.835" classname="Package_1.Test_Frenzy_Dashboard"/>
  <testcase name="HomeServicios" time="10.134" classname="Package_1.Test_Frenzy_Dashboard"/>
  <testcase name="VideoHome" time="5.037" classname="Package_1.Test_Frenzy_Dashboard"/>
  <testcase name="Navegacion" time="9.539" classname="Package_1.Test_Frenzy_Dashboard"/>
  <testcase name="ButtonsCompraryRegistrate" time="5.531" classname="Package_1.Test_Frenzy_Dashboard"/>
  <testcase name="VideoSistemadeBits" time="2.513" classname="Package_1.Test_Frenzy_Dashboard"/>
</testsuite> <!-- Package_1.Test_Frenzy_Dashboard -->
