<?xml version="1.0" encoding="UTF-8"?>
<!-- Generated by org.testng.reporters.JUnitReportReporter -->
<testsuite skipped="0" hostname="CognitsBryanPaz" name="FrenzyDashboard.Test_Navbar" tests="2" failures="0" timestamp="03 oct 2017 20:00:19 GMT" time="36.942" errors="0">
  <testcase name="AbrirNavegador" time="3.027" classname="FrenzyDashboard.Test_Navbar"/>
  <testcase name="Navegacion" time="33.915" classname="FrenzyDashboard.Test_Navbar"/>
</testsuite> <!-- FrenzyDashboard.Test_Navbar -->
