<?xml version="1.0" encoding="UTF-8"?>
<!-- Generated by org.testng.reporters.JUnitReportReporter -->
<testsuite skipped="0" hostname="CognitsBryanPaz" name="FrenzyDashboard.Servicios_Frenzy" tests="2" failures="0" timestamp="03 oct 2017 21:58:40 GMT" time="25.819" errors="0">
  <testcase name="AbrirNavegador" time="3.749" classname="FrenzyDashboard.Servicios_Frenzy"/>
  <testcase name="VerMas" time="22.070" classname="FrenzyDashboard.Servicios_Frenzy"/>
</testsuite> <!-- FrenzyDashboard.Servicios_Frenzy -->
